2026-01-14 00:35:46,541 [INFO] Starting rates update...
2026-01-14 00:35:46,541 [INFO] Fetching from CoinGeckoClient...
2026-01-14 00:35:46,776 [INFO] CoinGeckoClient: OK (3 rates)
2026-01-14 00:35:46,777 [INFO] Fetching from ExchangeRateApiClient...
2026-01-14 00:35:46,986 [INFO] ExchangeRateApiClient: OK (0 rates)
2026-01-14 00:35:46,988 [INFO] Updated 3 rates successfully.
2026-01-14 00:35:46,988 [INFO] Update successful.
2026-01-14 00:37:57,207 [INFO] 2026-01-14T00:37:57 GET_RATE user='N/A' currency='N/A' amount=N/A rate=N/A base='USD' result=OK
2026-01-14 00:37:57,208 [INFO] Покупка BTC: 3.0 @ 59337.21 → 178011.63 USD (user_id=1)
2026-01-14 00:37:57,209 [INFO] 2026-01-14T00:37:57 BUY user='N/A' currency='N/A' amount=N/A rate=N/A base='USD' result=OK
2026-01-14 00:38:10,137 [INFO] 2026-01-14T00:38:10 GET_RATE user='N/A' currency='N/A' amount=N/A rate=N/A base='USD' result=OK
2026-01-14 00:38:10,138 [INFO] Продажа BTC: 0.4 @ 59337.21 → 23734.88 USD (user_id=1)
2026-01-14 00:38:10,138 [INFO] 2026-01-14T00:38:10 SELL user='N/A' currency='N/A' amount=N/A rate=N/A base='USD' result=OK
2026-01-14 00:38:47,698 [INFO] 2026-01-14T00:38:47 GET_RATE user='N/A' currency='N/A' amount=N/A rate=N/A base='USD' result=OK
2026-01-14 00:38:57,119 [INFO] Starting rates update...
2026-01-14 00:38:57,119 [INFO] Fetching from CoinGeckoClient...
2026-01-14 00:38:57,628 [INFO] CoinGeckoClient: OK (3 rates)
2026-01-14 00:38:57,629 [INFO] Fetching from ExchangeRateApiClient...
2026-01-14 00:38:57,890 [INFO] ExchangeRateApiClient: OK (0 rates)
2026-01-14 00:38:57,893 [INFO] Updated 3 rates successfully.
2026-01-14 00:38:57,893 [INFO] Update successful.
2026-01-14 00:43:23,023 [ERROR] 2026-01-14T00:43:23 BUY user='N/A' currency='N/A' amount=N/A rate=N/A base='USD' result=ERROR error_type='AttributeError' error_message=''NoneType' object has no attribute 'upper''
2026-01-14 00:43:48,455 [INFO] 2026-01-14T00:43:48 GET_RATE user='N/A' currency='N/A' amount=N/A rate=N/A base='USD' result=OK
2026-01-14 00:43:48,455 [INFO] Покупка BTC: 5.0 @ 59337.21 → 296686.05 USD (user_id=2)
2026-01-14 00:43:48,455 [INFO] 2026-01-14T00:43:48 BUY user='N/A' currency='N/A' amount=N/A rate=N/A base='USD' result=OK
2026-01-14 00:44:00,884 [INFO] 2026-01-14T00:44:00 GET_RATE user='N/A' currency='N/A' amount=N/A rate=N/A base='USD' result=OK
2026-01-14 00:44:00,885 [INFO] Продажа BTC: 1.25 @ 59337.21 → 74171.51 USD (user_id=2)
2026-01-14 00:44:00,885 [INFO] 2026-01-14T00:44:00 SELL user='N/A' currency='N/A' amount=N/A rate=N/A base='USD' result=OK
2026-01-14 00:44:34,281 [INFO] 2026-01-14T00:44:34 GET_RATE user='N/A' currency='N/A' amount=N/A rate=N/A base='USD' result=OK
2026-01-14 00:44:39,904 [INFO] Starting rates update...
2026-01-14 00:44:39,905 [INFO] Fetching from CoinGeckoClient...
2026-01-14 00:44:40,353 [INFO] CoinGeckoClient: OK (3 rates)
2026-01-14 00:44:40,354 [INFO] Fetching from ExchangeRateApiClient...
2026-01-14 00:44:40,588 [INFO] ExchangeRateApiClient: OK (0 rates)
2026-01-14 00:44:40,591 [INFO] Updated 3 rates successfully.
2026-01-14 00:44:40,591 [INFO] Update successful.
2026-01-14 00:45:03,627 [INFO] 2026-01-14T00:45:03 GET_RATE user='N/A' currency='N/A' amount=N/A rate=N/A base='USD' result=OK
2026-01-14 00:45:03,627 [INFO] Покупка ETH: 4.0 @ 3720.0 → 14880.00 USD (user_id=2)
2026-01-14 00:45:03,627 [INFO] 2026-01-14T00:45:03 BUY user='N/A' currency='N/A' amount=N/A rate=N/A base='USD' result=OK
2026-01-14 00:45:25,886 [INFO] 2026-01-14T00:45:25 GET_RATE user='N/A' currency='N/A' amount=N/A rate=N/A base='USD' result=OK
2026-01-14 00:45:25,886 [INFO] Продажа ETH: 2.5 @ 3720.0 → 9300.00 USD (user_id=2)
2026-01-14 00:45:25,886 [INFO] 2026-01-14T00:45:25 SELL user='N/A' currency='N/A' amount=N/A rate=N/A base='USD' result=OK
